[debug] [2022-08-25T04:21:51.214Z] ----------------------------------------------------------------------
[debug] [2022-08-25T04:21:51.216Z] Command:       C:\Program Files\nodejs\node.exe C:\Users\taopa\AppData\Roaming\npm\node_modules\firebase-tools\lib\bin\firebase.js init
[debug] [2022-08-25T04:21:51.216Z] CLI Version:   11.5.0
[debug] [2022-08-25T04:21:51.217Z] Platform:      win32
[debug] [2022-08-25T04:21:51.217Z] Node Version:  v16.14.2
[debug] [2022-08-25T04:21:51.218Z] Time:          Thu Aug 25 2022 13:51:51 GMT+0930 (Australian Central Standard Time)
[debug] [2022-08-25T04:21:51.218Z] ----------------------------------------------------------------------
[debug] 
[debug] [2022-08-25T04:21:51.224Z] > command requires scopes: ["email","openid","https://www.googleapis.com/auth/cloudplatformprojects.readonly","https://www.googleapis.com/auth/firebase","https://www.googleapis.com/auth/cloud-platform"]
[debug] [2022-08-25T04:21:51.224Z] > authorizing via signed-in user (areos.cc@gmail.com)
[info] 
     ######## #### ########  ######## ########     ###     ######  ########
     ##        ##  ##     ## ##       ##     ##  ##   ##  ##       ##
     ######    ##  ########  ######   ########  #########  ######  ######
     ##        ##  ##    ##  ##       ##     ## ##     ##       ## ##
     ##       #### ##     ## ######## ########  ##     ##  ######  ########

You're about to initialize a Firebase project in this directory:

  C:\Tiger_work\clones\netflix

Before we get started, keep in mind:

  * You are currently outside your home directory

